<?xml version="1.0" encoding="UTF-8"?>
<testng-results skipped="0" failed="1" ignored="0" total="5" passed="4">
  <reporter-output>
  </reporter-output>
  <suite name="Default Suite" duration-ms="43885" started-at="2020-12-22T15:15:34 CST" finished-at="2020-12-22T15:16:18 CST">
    <groups>
    </groups>
    <test name="spider_maven" duration-ms="43885" started-at="2020-12-22T15:15:34 CST" finished-at="2020-12-22T15:16:18 CST">
      <class name="spider_maven.spider">
        <test-method status="PASS" signature="beforeclass()[pri:0, instance:spider_maven.spider@2a5ca609]" name="beforeclass" is-config="true" duration-ms="3811" started-at="2020-12-22T15:15:34 CST" finished-at="2020-12-22T15:15:38 CST">
          <reporter-output>
          </reporter-output>
        </test-method> <!-- beforeclass -->
        <test-method status="PASS" signature="sou(java.lang.String)[pri:0, instance:spider_maven.spider@2a5ca609]" name="sou" duration-ms="1036" started-at="2020-12-22T15:15:38 CST" data-provider="data" finished-at="2020-12-22T15:15:39 CST">
          <params>
            <param index="0">
              <value>
                <![CDATA[18600000043]]>
              </value>
            </param>
          </params>
          <reporter-output>
          </reporter-output>
        </test-method> <!-- sou -->
        <test-method status="PASS" signature="afterMthod()[pri:0, instance:spider_maven.spider@2a5ca609]" name="afterMthod" is-config="true" duration-ms="5442" started-at="2020-12-22T15:15:39 CST" finished-at="2020-12-22T15:15:44 CST">
          <reporter-output>
          </reporter-output>
        </test-method> <!-- afterMthod -->
        <test-method status="PASS" signature="sou(java.lang.String)[pri:0, instance:spider_maven.spider@2a5ca609]" name="sou" duration-ms="1245" started-at="2020-12-22T15:15:44 CST" data-provider="data" finished-at="2020-12-22T15:15:45 CST">
          <params>
            <param index="0">
              <value>
                <![CDATA[18600000045]]>
              </value>
            </param>
          </params>
          <reporter-output>
          </reporter-output>
        </test-method> <!-- sou -->
        <test-method status="PASS" signature="afterMthod()[pri:0, instance:spider_maven.spider@2a5ca609]" name="afterMthod" is-config="true" duration-ms="5659" started-at="2020-12-22T15:15:45 CST" finished-at="2020-12-22T15:15:51 CST">
          <reporter-output>
          </reporter-output>
        </test-method> <!-- afterMthod -->
        <test-method status="PASS" signature="sou(java.lang.String)[pri:0, instance:spider_maven.spider@2a5ca609]" name="sou" duration-ms="1108" started-at="2020-12-22T15:15:51 CST" data-provider="data" finished-at="2020-12-22T15:15:52 CST">
          <params>
            <param index="0">
              <value>
                <![CDATA[15560000038]]>
              </value>
            </param>
          </params>
          <reporter-output>
          </reporter-output>
        </test-method> <!-- sou -->
        <test-method status="PASS" signature="afterMthod()[pri:0, instance:spider_maven.spider@2a5ca609]" name="afterMthod" is-config="true" duration-ms="5303" started-at="2020-12-22T15:15:52 CST" finished-at="2020-12-22T15:15:58 CST">
          <reporter-output>
          </reporter-output>
        </test-method> <!-- afterMthod -->
        <test-method status="PASS" signature="sou(java.lang.String)[pri:0, instance:spider_maven.spider@2a5ca609]" name="sou" duration-ms="1048" started-at="2020-12-22T15:15:58 CST" data-provider="data" finished-at="2020-12-22T15:15:59 CST">
          <params>
            <param index="0">
              <value>
                <![CDATA[15560000000]]>
              </value>
            </param>
          </params>
          <reporter-output>
          </reporter-output>
        </test-method> <!-- sou -->
        <test-method status="PASS" signature="afterMthod()[pri:0, instance:spider_maven.spider@2a5ca609]" name="afterMthod" is-config="true" duration-ms="5295" started-at="2020-12-22T15:15:59 CST" finished-at="2020-12-22T15:16:04 CST">
          <reporter-output>
          </reporter-output>
        </test-method> <!-- afterMthod -->
        <test-method status="FAIL" signature="sou(java.lang.String)[pri:0, instance:spider_maven.spider@2a5ca609]" name="sou" duration-ms="5352" started-at="2020-12-22T15:16:04 CST" data-provider="data" finished-at="2020-12-22T15:16:09 CST">
          <params>
            <param index="0">
              <value>
                <![CDATA[15560000001]]>
              </value>
            </param>
          </params>
          <exception class="org.openqa.selenium.NoSuchElementException">
            <message>
              <![CDATA[no such element: Unable to locate element: {"method":"xpath","selector":"//span[@class='haoma-tag']"}
  (Session info: chrome=87.0.4280.88)
For documentation on this error, please visit: https://www.seleniumhq.org/exceptions/no_such_element.html
Build info: version: '3.141.59', revision: 'e82be7d358', time: '2018-11-14T08:17:03'
System info: host: 'jackdeMacBook-Pro.local', ip: 'fe80:0:0:0:180f:ce7f:2e04:97fb%en0', os.name: 'Mac OS X', os.arch: 'x86_64', os.version: '10.15.7', java.version: '1.8.0_131'
Driver info: org.openqa.selenium.chrome.ChromeDriver
Capabilities {acceptInsecureCerts: false, browserName: chrome, browserVersion: 87.0.4280.88, chrome: {chromedriverVersion: 87.0.4280.88 (89e2380a3e36c..., userDataDir: /var/folders/j6/52xpr7hs3x5...}, goog:chromeOptions: {debuggerAddress: localhost:58023}, javascriptEnabled: true, networkConnectionEnabled: false, pageLoadStrategy: normal, platform: MAC, platformName: MAC, proxy: Proxy(), setWindowRect: true, strictFileInteractability: false, timeouts: {implicit: 0, pageLoad: 300000, script: 30000}, unhandledPromptBehavior: dismiss and notify, webauthn:virtualAuthenticators: true}
Session ID: 8b1da5fe9e58715f2405412eda7cec5b
*** Element info: {Using=xpath, value=//span[@class='haoma-tag']}]]>
            </message>
            <full-stacktrace>
              <![CDATA[org.openqa.selenium.NoSuchElementException: no such element: Unable to locate element: {"method":"xpath","selector":"//span[@class='haoma-tag']"}
  (Session info: chrome=87.0.4280.88)
For documentation on this error, please visit: https://www.seleniumhq.org/exceptions/no_such_element.html
Build info: version: '3.141.59', revision: 'e82be7d358', time: '2018-11-14T08:17:03'
System info: host: 'jackdeMacBook-Pro.local', ip: 'fe80:0:0:0:180f:ce7f:2e04:97fb%en0', os.name: 'Mac OS X', os.arch: 'x86_64', os.version: '10.15.7', java.version: '1.8.0_131'
Driver info: org.openqa.selenium.chrome.ChromeDriver
Capabilities {acceptInsecureCerts: false, browserName: chrome, browserVersion: 87.0.4280.88, chrome: {chromedriverVersion: 87.0.4280.88 (89e2380a3e36c..., userDataDir: /var/folders/j6/52xpr7hs3x5...}, goog:chromeOptions: {debuggerAddress: localhost:58023}, javascriptEnabled: true, networkConnectionEnabled: false, pageLoadStrategy: normal, platform: MAC, platformName: MAC, proxy: Proxy(), setWindowRect: true, strictFileInteractability: false, timeouts: {implicit: 0, pageLoad: 300000, script: 30000}, unhandledPromptBehavior: dismiss and notify, webauthn:virtualAuthenticators: true}
Session ID: 8b1da5fe9e58715f2405412eda7cec5b
*** Element info: {Using=xpath, value=//span[@class='haoma-tag']}
at sun.reflect.NativeConstructorAccessorImpl.newInstance0(Native Method)
at sun.reflect.NativeConstructorAccessorImpl.newInstance(NativeConstructorAccessorImpl.java:62)
at sun.reflect.DelegatingConstructorAccessorImpl.newInstance(DelegatingConstructorAccessorImpl.java:45)
at java.lang.reflect.Constructor.newInstance(Constructor.java:423)
at org.openqa.selenium.remote.http.W3CHttpResponseCodec.createException(W3CHttpResponseCodec.java:187)
at org.openqa.selenium.remote.http.W3CHttpResponseCodec.decode(W3CHttpResponseCodec.java:122)
at org.openqa.selenium.remote.http.W3CHttpResponseCodec.decode(W3CHttpResponseCodec.java:49)
at org.openqa.selenium.remote.HttpCommandExecutor.execute(HttpCommandExecutor.java:158)
at org.openqa.selenium.remote.service.DriverCommandExecutor.execute(DriverCommandExecutor.java:83)
at org.openqa.selenium.remote.RemoteWebDriver.execute(RemoteWebDriver.java:552)
at org.openqa.selenium.remote.RemoteWebDriver.findElement(RemoteWebDriver.java:323)
at org.openqa.selenium.remote.RemoteWebDriver.findElementByXPath(RemoteWebDriver.java:428)
at org.openqa.selenium.By$ByXPath.findElement(By.java:353)
at org.openqa.selenium.remote.RemoteWebDriver.findElement(RemoteWebDriver.java:315)
at spider_maven.spider.sou(spider.java:54)
at sun.reflect.NativeMethodAccessorImpl.invoke0(Native Method)
at sun.reflect.NativeMethodAccessorImpl.invoke(NativeMethodAccessorImpl.java:62)
at sun.reflect.DelegatingMethodAccessorImpl.invoke(DelegatingMethodAccessorImpl.java:43)
at java.lang.reflect.Method.invoke(Method.java:498)
at org.testng.internal.MethodInvocationHelper.invokeMethod(MethodInvocationHelper.java:133)
at org.testng.internal.TestInvoker.invokeMethod(TestInvoker.java:584)
at org.testng.internal.TestInvoker.invokeTestMethod(TestInvoker.java:172)
at org.testng.internal.MethodRunner.runInSequence(MethodRunner.java:46)
at org.testng.internal.TestInvoker$MethodInvocationAgent.invoke(TestInvoker.java:804)
at org.testng.internal.TestInvoker.invokeTestMethods(TestInvoker.java:145)
at org.testng.internal.TestMethodWorker.invokeTestMethods(TestMethodWorker.java:146)
at org.testng.internal.TestMethodWorker.run(TestMethodWorker.java:128)
at java.util.ArrayList.forEach(ArrayList.java:1249)
at org.testng.TestRunner.privateRun(TestRunner.java:770)
at org.testng.TestRunner.run(TestRunner.java:591)
at org.testng.SuiteRunner.runTest(SuiteRunner.java:402)
at org.testng.SuiteRunner.runSequentially(SuiteRunner.java:396)
at org.testng.SuiteRunner.privateRun(SuiteRunner.java:355)
at org.testng.SuiteRunner.run(SuiteRunner.java:304)
at org.testng.SuiteRunnerWorker.runSuite(SuiteRunnerWorker.java:53)
at org.testng.SuiteRunnerWorker.run(SuiteRunnerWorker.java:96)
at org.testng.TestNG.runSuitesSequentially(TestNG.java:1180)
at org.testng.TestNG.runSuitesLocally(TestNG.java:1102)
at org.testng.TestNG.runSuites(TestNG.java:1032)
at org.testng.TestNG.run(TestNG.java:1000)
at com.intellij.rt.testng.IDEARemoteTestNG.run(IDEARemoteTestNG.java:66)
at com.intellij.rt.testng.RemoteTestNGStarter.main(RemoteTestNGStarter.java:109)
]]>
            </full-stacktrace>
          </exception> <!-- org.openqa.selenium.NoSuchElementException -->
          <reporter-output>
          </reporter-output>
        </test-method> <!-- sou -->
        <test-method status="PASS" signature="afterMthod()[pri:0, instance:spider_maven.spider@2a5ca609]" name="afterMthod" is-config="true" duration-ms="5337" started-at="2020-12-22T15:16:09 CST" finished-at="2020-12-22T15:16:15 CST">
          <reporter-output>
          </reporter-output>
        </test-method> <!-- afterMthod -->
        <test-method status="PASS" signature="afterClass()[pri:0, instance:spider_maven.spider@2a5ca609]" name="afterClass" is-config="true" duration-ms="3156" started-at="2020-12-22T15:16:15 CST" finished-at="2020-12-22T15:16:18 CST">
          <reporter-output>
          </reporter-output>
        </test-method> <!-- afterClass -->
      </class> <!-- spider_maven.spider -->
    </test> <!-- spider_maven -->
  </suite> <!-- Default Suite -->
</testng-results>
